2008-10-02 23:21:57,618 DEBUG [org.jboss.kernel.KernelFactory] Starting JBoss Kernel construction...
2008-10-02 23:21:57,667 DEBUG [org.jboss.kernel.KernelFactory] Completed JBoss Kernel construction.  Duration: 48 milliseconds
2008-10-02 23:21:58,070 DEBUG [org.jboss.kernel.plugins.deployment.xml.BeanSchemaBinding] Reading xsd took 392 milliseconds
2008-10-02 23:21:58,087 DEBUG [org.jboss.kernel.plugins.deployment.xml.BeanSchemaBinding] Creating schema binding took 409 milliseconds
2008-10-02 23:21:58,088 DEBUG [org.jboss.kernel.plugins.bootstrap.standalone.StandaloneBootstrap] Deploying jar:file:/dati/project/wise-core/samples/helloWorldJDK6/build/client/HelloWorld.jar!/META-INF/jboss-beans.xml
2008-10-02 23:21:58,110 DEBUG [org.jboss.kernel.plugins.deployment.xml.BeanXMLDeployer] Parsing jar:file:/dati/project/wise-core/samples/helloWorldJDK6/build/client/HelloWorld.jar!/META-INF/jboss-beans.xml took 22 milliseconds
2008-10-02 23:21:58,128 DEBUG [org.jboss.kernel.plugins.deployment.xml.BeanXMLDeployer] Deploying jar:file:/dati/project/wise-core/samples/helloWorldJDK6/build/client/HelloWorld.jar!/META-INF/jboss-beans.xml took 40 milliseconds
2008-10-02 23:21:58,129 DEBUG [org.jboss.kernel.plugins.bootstrap.standalone.StandaloneBootstrap] Deployed jar:file:/dati/project/wise-core/samples/helloWorldJDK6/build/client/HelloWorld.jar!/META-INF/jboss-beans.xml
2008-10-02 23:21:58,168 INFO  [org.jboss.kernel.plugins.bootstrap.standalone.StandaloneBootstrap] Shutting down
2008-10-02 23:21:58,168 DEBUG [org.jboss.kernel.plugins.bootstrap.standalone.StandaloneBootstrap] Undeploying jar:file:/dati/project/wise-core/samples/helloWorldJDK6/build/client/HelloWorld.jar!/META-INF/jboss-beans.xml
2008-10-02 23:21:58,171 DEBUG [org.jboss.kernel.plugins.bootstrap.standalone.StandaloneBootstrap] Undeployed jar:file:/dati/project/wise-core/samples/helloWorldJDK6/build/client/HelloWorld.jar!/META-INF/jboss-beans.xml
2008-10-02 23:22:53,401 DEBUG [org.jboss.kernel.KernelFactory] Starting JBoss Kernel construction...
2008-10-02 23:22:53,453 DEBUG [org.jboss.kernel.KernelFactory] Completed JBoss Kernel construction.  Duration: 51 milliseconds
2008-10-02 23:22:53,817 DEBUG [org.jboss.kernel.plugins.deployment.xml.BeanSchemaBinding] Reading xsd took 351 milliseconds
2008-10-02 23:22:53,839 DEBUG [org.jboss.kernel.plugins.deployment.xml.BeanSchemaBinding] Creating schema binding took 373 milliseconds
2008-10-02 23:22:53,840 DEBUG [org.jboss.kernel.plugins.bootstrap.standalone.StandaloneBootstrap] Deploying jar:file:/dati/project/wise-core/samples/helloWorldJDK6/build/client/HelloWorld.jar!/META-INF/jboss-beans.xml
2008-10-02 23:22:53,871 DEBUG [org.jboss.kernel.plugins.deployment.xml.BeanXMLDeployer] Parsing jar:file:/dati/project/wise-core/samples/helloWorldJDK6/build/client/HelloWorld.jar!/META-INF/jboss-beans.xml took 31 milliseconds
2008-10-02 23:22:53,890 DEBUG [org.jboss.kernel.plugins.deployment.xml.BeanXMLDeployer] Deploying jar:file:/dati/project/wise-core/samples/helloWorldJDK6/build/client/HelloWorld.jar!/META-INF/jboss-beans.xml took 50 milliseconds
2008-10-02 23:22:53,890 DEBUG [org.jboss.kernel.plugins.bootstrap.standalone.StandaloneBootstrap] Deployed jar:file:/dati/project/wise-core/samples/helloWorldJDK6/build/client/HelloWorld.jar!/META-INF/jboss-beans.xml
2008-10-02 23:22:53,933 INFO  [org.jboss.kernel.plugins.bootstrap.standalone.StandaloneBootstrap] Shutting down
2008-10-02 23:22:53,934 DEBUG [org.jboss.kernel.plugins.bootstrap.standalone.StandaloneBootstrap] Undeploying jar:file:/dati/project/wise-core/samples/helloWorldJDK6/build/client/HelloWorld.jar!/META-INF/jboss-beans.xml
2008-10-02 23:22:53,936 DEBUG [org.jboss.kernel.plugins.bootstrap.standalone.StandaloneBootstrap] Undeployed jar:file:/dati/project/wise-core/samples/helloWorldJDK6/build/client/HelloWorld.jar!/META-INF/jboss-beans.xml
2008-10-02 23:25:40,807 DEBUG [org.jboss.kernel.KernelFactory] Starting JBoss Kernel construction...
2008-10-02 23:25:40,860 DEBUG [org.jboss.kernel.KernelFactory] Completed JBoss Kernel construction.  Duration: 52 milliseconds
2008-10-02 23:25:41,271 DEBUG [org.jboss.kernel.plugins.deployment.xml.BeanSchemaBinding] Reading xsd took 399 milliseconds
2008-10-02 23:25:41,289 DEBUG [org.jboss.kernel.plugins.deployment.xml.BeanSchemaBinding] Creating schema binding took 417 milliseconds
2008-10-02 23:25:41,290 DEBUG [org.jboss.kernel.plugins.bootstrap.standalone.StandaloneBootstrap] Deploying jar:file:/dati/project/wise-core/samples/helloWorldJDK6/build/client/HelloWorld.jar!/META-INF/jboss-beans.xml
2008-10-02 23:25:41,311 DEBUG [org.jboss.kernel.plugins.deployment.xml.BeanXMLDeployer] Parsing jar:file:/dati/project/wise-core/samples/helloWorldJDK6/build/client/HelloWorld.jar!/META-INF/jboss-beans.xml took 21 milliseconds
2008-10-02 23:25:41,329 DEBUG [org.jboss.kernel.plugins.deployment.xml.BeanXMLDeployer] Deploying jar:file:/dati/project/wise-core/samples/helloWorldJDK6/build/client/HelloWorld.jar!/META-INF/jboss-beans.xml took 39 milliseconds
2008-10-02 23:25:41,330 DEBUG [org.jboss.kernel.plugins.bootstrap.standalone.StandaloneBootstrap] Deployed jar:file:/dati/project/wise-core/samples/helloWorldJDK6/build/client/HelloWorld.jar!/META-INF/jboss-beans.xml
2008-10-02 23:25:41,368 INFO  [org.jboss.kernel.plugins.bootstrap.standalone.StandaloneBootstrap] Shutting down
2008-10-02 23:25:41,368 DEBUG [org.jboss.kernel.plugins.bootstrap.standalone.StandaloneBootstrap] Undeploying jar:file:/dati/project/wise-core/samples/helloWorldJDK6/build/client/HelloWorld.jar!/META-INF/jboss-beans.xml
2008-10-02 23:25:41,370 DEBUG [org.jboss.kernel.plugins.bootstrap.standalone.StandaloneBootstrap] Undeployed jar:file:/dati/project/wise-core/samples/helloWorldJDK6/build/client/HelloWorld.jar!/META-INF/jboss-beans.xml
2008-10-02 23:26:35,289 DEBUG [org.jboss.kernel.KernelFactory] Starting JBoss Kernel construction...
2008-10-02 23:26:35,342 DEBUG [org.jboss.kernel.KernelFactory] Completed JBoss Kernel construction.  Duration: 52 milliseconds
2008-10-02 23:26:35,726 DEBUG [org.jboss.kernel.plugins.deployment.xml.BeanSchemaBinding] Reading xsd took 371 milliseconds
2008-10-02 23:26:35,745 DEBUG [org.jboss.kernel.plugins.deployment.xml.BeanSchemaBinding] Creating schema binding took 390 milliseconds
2008-10-02 23:26:35,746 DEBUG [org.jboss.kernel.plugins.bootstrap.standalone.StandaloneBootstrap] Deploying jar:file:/dati/project/wise-core/samples/helloWorldJDK6/build/client/HelloWorld.jar!/META-INF/jboss-beans.xml
2008-10-02 23:26:35,767 DEBUG [org.jboss.kernel.plugins.deployment.xml.BeanXMLDeployer] Parsing jar:file:/dati/project/wise-core/samples/helloWorldJDK6/build/client/HelloWorld.jar!/META-INF/jboss-beans.xml took 21 milliseconds
2008-10-02 23:26:35,785 DEBUG [org.jboss.kernel.plugins.deployment.xml.BeanXMLDeployer] Deploying jar:file:/dati/project/wise-core/samples/helloWorldJDK6/build/client/HelloWorld.jar!/META-INF/jboss-beans.xml took 39 milliseconds
2008-10-02 23:26:35,785 DEBUG [org.jboss.kernel.plugins.bootstrap.standalone.StandaloneBootstrap] Deployed jar:file:/dati/project/wise-core/samples/helloWorldJDK6/build/client/HelloWorld.jar!/META-INF/jboss-beans.xml
2008-10-02 23:26:35,828 DEBUG [org.jboss.wise.core.client.impl.reflection.builder.ReflectionBasedWSDynamicClientBuilder] Get usable WSDL :/home/oracle/temp/Wise0.xml
2008-10-02 23:26:37,352 DEBUG [org.jboss.wise.core.client.factories.WSDynamicClientFactory] Create WSDynamicClient successfully
2008-10-02 23:26:37,485 DEBUG [org.jboss.wise.core.client.impl.reflection.WSDynamicClientImpl] Error during loading/instanciating class:wise_samples.helloworld.HelloWorldWSService with exception message: {http://wise_samples/helloworld}HelloWorldWSService is not a valid service. Valid services are: {http://wise_samples/helloworld}HelloWorldWSJDK6Service
2008-10-02 23:26:37,534 INFO  [org.jboss.kernel.plugins.bootstrap.standalone.StandaloneBootstrap] Shutting down
2008-10-02 23:26:37,534 DEBUG [org.jboss.kernel.plugins.bootstrap.standalone.StandaloneBootstrap] Undeploying jar:file:/dati/project/wise-core/samples/helloWorldJDK6/build/client/HelloWorld.jar!/META-INF/jboss-beans.xml
2008-10-02 23:26:37,536 DEBUG [org.jboss.kernel.plugins.bootstrap.standalone.StandaloneBootstrap] Undeployed jar:file:/dati/project/wise-core/samples/helloWorldJDK6/build/client/HelloWorld.jar!/META-INF/jboss-beans.xml
2008-10-02 23:27:01,091 DEBUG [org.jboss.kernel.KernelFactory] Starting JBoss Kernel construction...
2008-10-02 23:27:01,137 DEBUG [org.jboss.kernel.KernelFactory] Completed JBoss Kernel construction.  Duration: 46 milliseconds
2008-10-02 23:27:01,521 DEBUG [org.jboss.kernel.plugins.deployment.xml.BeanSchemaBinding] Reading xsd took 372 milliseconds
2008-10-02 23:27:01,538 DEBUG [org.jboss.kernel.plugins.deployment.xml.BeanSchemaBinding] Creating schema binding took 389 milliseconds
2008-10-02 23:27:01,539 DEBUG [org.jboss.kernel.plugins.bootstrap.standalone.StandaloneBootstrap] Deploying jar:file:/dati/project/wise-core/samples/helloWorldJDK6/build/client/HelloWorld.jar!/META-INF/jboss-beans.xml
2008-10-02 23:27:01,561 DEBUG [org.jboss.kernel.plugins.deployment.xml.BeanXMLDeployer] Parsing jar:file:/dati/project/wise-core/samples/helloWorldJDK6/build/client/HelloWorld.jar!/META-INF/jboss-beans.xml took 22 milliseconds
2008-10-02 23:27:01,579 DEBUG [org.jboss.kernel.plugins.deployment.xml.BeanXMLDeployer] Deploying jar:file:/dati/project/wise-core/samples/helloWorldJDK6/build/client/HelloWorld.jar!/META-INF/jboss-beans.xml took 40 milliseconds
2008-10-02 23:27:01,579 DEBUG [org.jboss.kernel.plugins.bootstrap.standalone.StandaloneBootstrap] Deployed jar:file:/dati/project/wise-core/samples/helloWorldJDK6/build/client/HelloWorld.jar!/META-INF/jboss-beans.xml
2008-10-02 23:27:01,621 DEBUG [org.jboss.wise.core.client.impl.reflection.builder.ReflectionBasedWSDynamicClientBuilder] Get usable WSDL :/home/oracle/temp/Wise0.xml
2008-10-02 23:27:02,991 DEBUG [org.jboss.wise.core.client.factories.WSDynamicClientFactory] Create WSDynamicClient successfully
2008-10-02 23:27:03,122 INFO  [org.jboss.kernel.plugins.bootstrap.standalone.StandaloneBootstrap] Shutting down
2008-10-02 23:27:03,122 DEBUG [org.jboss.kernel.plugins.bootstrap.standalone.StandaloneBootstrap] Undeploying jar:file:/dati/project/wise-core/samples/helloWorldJDK6/build/client/HelloWorld.jar!/META-INF/jboss-beans.xml
2008-10-02 23:27:03,125 DEBUG [org.jboss.kernel.plugins.bootstrap.standalone.StandaloneBootstrap] Undeployed jar:file:/dati/project/wise-core/samples/helloWorldJDK6/build/client/HelloWorld.jar!/META-INF/jboss-beans.xml
2008-10-13 16:21:52,132 DEBUG [org.jboss.kernel.KernelFactory] Starting JBoss Kernel construction...
2008-10-13 16:21:52,202 DEBUG [org.jboss.kernel.KernelFactory] Completed JBoss Kernel construction.  Duration: 55 milliseconds
2008-10-13 16:21:52,583 DEBUG [org.jboss.kernel.plugins.deployment.xml.BeanSchemaBinding] Reading xsd took 369 milliseconds
2008-10-13 16:21:52,602 DEBUG [org.jboss.kernel.plugins.deployment.xml.BeanSchemaBinding] Creating schema binding took 388 milliseconds
2008-10-13 16:21:52,603 DEBUG [org.jboss.kernel.plugins.bootstrap.standalone.StandaloneBootstrap] Deploying jar:file:/dati/project/wise-core/samples/helloWorldJDK6/build/client/HelloWorld.jar!/META-INF/jboss-beans.xml
2008-10-13 16:21:52,628 DEBUG [org.jboss.kernel.plugins.deployment.xml.BeanXMLDeployer] Parsing jar:file:/dati/project/wise-core/samples/helloWorldJDK6/build/client/HelloWorld.jar!/META-INF/jboss-beans.xml took 25 milliseconds
2008-10-13 16:21:52,648 DEBUG [org.jboss.kernel.plugins.deployment.xml.BeanXMLDeployer] Deploying jar:file:/dati/project/wise-core/samples/helloWorldJDK6/build/client/HelloWorld.jar!/META-INF/jboss-beans.xml took 45 milliseconds
2008-10-13 16:21:52,649 DEBUG [org.jboss.kernel.plugins.bootstrap.standalone.StandaloneBootstrap] Deployed jar:file:/dati/project/wise-core/samples/helloWorldJDK6/build/client/HelloWorld.jar!/META-INF/jboss-beans.xml
2008-10-13 16:21:52,695 DEBUG [org.jboss.wise.core.client.impl.reflection.builder.ReflectionBasedWSDynamicClientBuilder] Get usable WSDL :/home/oracle/temp/Wise0.xml
2008-10-13 16:21:54,149 DEBUG [org.jboss.wise.core.client.factories.WSDynamicClientFactory] Create WSDynamicClient successfully
2008-10-13 16:21:54,169 INFO  [org.jboss.kernel.plugins.bootstrap.standalone.StandaloneBootstrap] Shutting down
2008-10-13 16:21:54,180 DEBUG [org.jboss.kernel.plugins.bootstrap.standalone.StandaloneBootstrap] Undeploying jar:file:/dati/project/wise-core/samples/helloWorldJDK6/build/client/HelloWorld.jar!/META-INF/jboss-beans.xml
2008-10-13 16:21:54,183 DEBUG [org.jboss.kernel.plugins.bootstrap.standalone.StandaloneBootstrap] Undeployed jar:file:/dati/project/wise-core/samples/helloWorldJDK6/build/client/HelloWorld.jar!/META-INF/jboss-beans.xml
2008-10-13 16:23:13,303 DEBUG [org.jboss.kernel.KernelFactory] Starting JBoss Kernel construction...
2008-10-13 16:23:13,350 DEBUG [org.jboss.kernel.KernelFactory] Completed JBoss Kernel construction.  Duration: 47 milliseconds
2008-10-13 16:23:13,732 DEBUG [org.jboss.kernel.plugins.deployment.xml.BeanSchemaBinding] Reading xsd took 371 milliseconds
2008-10-13 16:23:13,751 DEBUG [org.jboss.kernel.plugins.deployment.xml.BeanSchemaBinding] Creating schema binding took 390 milliseconds
2008-10-13 16:23:13,752 DEBUG [org.jboss.kernel.plugins.bootstrap.standalone.StandaloneBootstrap] Deploying jar:file:/dati/project/wise-core/samples/helloWorldJDK6/build/client/HelloWorld.jar!/META-INF/jboss-beans.xml
2008-10-13 16:23:13,774 DEBUG [org.jboss.kernel.plugins.deployment.xml.BeanXMLDeployer] Parsing jar:file:/dati/project/wise-core/samples/helloWorldJDK6/build/client/HelloWorld.jar!/META-INF/jboss-beans.xml took 21 milliseconds
2008-10-13 16:23:13,791 DEBUG [org.jboss.kernel.plugins.deployment.xml.BeanXMLDeployer] Deploying jar:file:/dati/project/wise-core/samples/helloWorldJDK6/build/client/HelloWorld.jar!/META-INF/jboss-beans.xml took 39 milliseconds
2008-10-13 16:23:13,792 DEBUG [org.jboss.kernel.plugins.bootstrap.standalone.StandaloneBootstrap] Deployed jar:file:/dati/project/wise-core/samples/helloWorldJDK6/build/client/HelloWorld.jar!/META-INF/jboss-beans.xml
2008-10-13 16:23:13,833 DEBUG [org.jboss.wise.core.client.impl.reflection.builder.ReflectionBasedWSDynamicClientBuilder] Get usable WSDL :/home/oracle/temp/Wise0.xml
2008-10-13 16:23:15,259 DEBUG [org.jboss.wise.core.client.factories.WSDynamicClientFactory] Create WSDynamicClient successfully
2008-10-13 16:23:15,408 DEBUG [org.jboss.wise.core.client.impl.reflection.WSDynamicClientImpl] Error during loading/instanciating class:wise_samples.helloworld.HelloWorldWSService with exception message: {http://wise_samples/helloworld}HelloWorldWSService is not a valid service. Valid services are: {http://wise_samples/helloworld}HelloWorldWSJDK6Service
2008-10-13 16:23:15,435 INFO  [org.jboss.kernel.plugins.bootstrap.standalone.StandaloneBootstrap] Shutting down
2008-10-13 16:23:15,435 DEBUG [org.jboss.kernel.plugins.bootstrap.standalone.StandaloneBootstrap] Undeploying jar:file:/dati/project/wise-core/samples/helloWorldJDK6/build/client/HelloWorld.jar!/META-INF/jboss-beans.xml
2008-10-13 16:23:15,437 DEBUG [org.jboss.kernel.plugins.bootstrap.standalone.StandaloneBootstrap] Undeployed jar:file:/dati/project/wise-core/samples/helloWorldJDK6/build/client/HelloWorld.jar!/META-INF/jboss-beans.xml
2008-10-13 16:23:57,983 DEBUG [org.jboss.kernel.KernelFactory] Starting JBoss Kernel construction...
2008-10-13 16:23:58,031 DEBUG [org.jboss.kernel.KernelFactory] Completed JBoss Kernel construction.  Duration: 46 milliseconds
2008-10-13 16:23:58,425 DEBUG [org.jboss.kernel.plugins.deployment.xml.BeanSchemaBinding] Reading xsd took 382 milliseconds
2008-10-13 16:23:58,442 DEBUG [org.jboss.kernel.plugins.deployment.xml.BeanSchemaBinding] Creating schema binding took 399 milliseconds
2008-10-13 16:23:58,444 DEBUG [org.jboss.kernel.plugins.bootstrap.standalone.StandaloneBootstrap] Deploying jar:file:/dati/project/wise-core/samples/helloWorldJDK6/build/client/HelloWorld.jar!/META-INF/jboss-beans.xml
2008-10-13 16:23:58,466 DEBUG [org.jboss.kernel.plugins.deployment.xml.BeanXMLDeployer] Parsing jar:file:/dati/project/wise-core/samples/helloWorldJDK6/build/client/HelloWorld.jar!/META-INF/jboss-beans.xml took 22 milliseconds
2008-10-13 16:23:58,484 DEBUG [org.jboss.kernel.plugins.deployment.xml.BeanXMLDeployer] Deploying jar:file:/dati/project/wise-core/samples/helloWorldJDK6/build/client/HelloWorld.jar!/META-INF/jboss-beans.xml took 40 milliseconds
2008-10-13 16:23:58,484 DEBUG [org.jboss.kernel.plugins.bootstrap.standalone.StandaloneBootstrap] Deployed jar:file:/dati/project/wise-core/samples/helloWorldJDK6/build/client/HelloWorld.jar!/META-INF/jboss-beans.xml
2008-10-13 16:23:58,569 DEBUG [org.jboss.wise.core.client.impl.reflection.builder.ReflectionBasedWSDynamicClientBuilder] Get usable WSDL :/home/oracle/temp/Wise0.xml
2008-10-13 16:24:00,207 DEBUG [org.jboss.wise.core.client.factories.WSDynamicClientFactory] Create WSDynamicClient successfully
2008-10-13 16:24:00,333 INFO  [org.jboss.kernel.plugins.bootstrap.standalone.StandaloneBootstrap] Shutting down
2008-10-13 16:24:00,333 DEBUG [org.jboss.kernel.plugins.bootstrap.standalone.StandaloneBootstrap] Undeploying jar:file:/dati/project/wise-core/samples/helloWorldJDK6/build/client/HelloWorld.jar!/META-INF/jboss-beans.xml
2008-10-13 16:24:00,336 DEBUG [org.jboss.kernel.plugins.bootstrap.standalone.StandaloneBootstrap] Undeployed jar:file:/dati/project/wise-core/samples/helloWorldJDK6/build/client/HelloWorld.jar!/META-INF/jboss-beans.xml
2008-10-13 22:04:47,629 DEBUG [org.jboss.kernel.KernelFactory] Starting JBoss Kernel construction...
2008-10-13 22:04:47,675 DEBUG [org.jboss.kernel.KernelFactory] Completed JBoss Kernel construction.  Duration: 46 milliseconds
2008-10-13 22:04:48,008 DEBUG [org.jboss.kernel.plugins.deployment.xml.BeanSchemaBinding] Reading xsd took 322 milliseconds
2008-10-13 22:04:48,026 DEBUG [org.jboss.kernel.plugins.deployment.xml.BeanSchemaBinding] Creating schema binding took 340 milliseconds
2008-10-13 22:04:48,026 DEBUG [org.jboss.kernel.plugins.bootstrap.standalone.StandaloneBootstrap] Deploying jar:file:/dati/project/wise-core/samples/helloWorldJDK6/build/client/HelloWorld.jar!/META-INF/jboss-beans.xml
2008-10-13 22:04:48,048 DEBUG [org.jboss.kernel.plugins.deployment.xml.BeanXMLDeployer] Parsing jar:file:/dati/project/wise-core/samples/helloWorldJDK6/build/client/HelloWorld.jar!/META-INF/jboss-beans.xml took 21 milliseconds
2008-10-13 22:04:48,065 DEBUG [org.jboss.kernel.plugins.deployment.xml.BeanXMLDeployer] Deploying jar:file:/dati/project/wise-core/samples/helloWorldJDK6/build/client/HelloWorld.jar!/META-INF/jboss-beans.xml took 38 milliseconds
2008-10-13 22:04:48,066 DEBUG [org.jboss.kernel.plugins.bootstrap.standalone.StandaloneBootstrap] Deployed jar:file:/dati/project/wise-core/samples/helloWorldJDK6/build/client/HelloWorld.jar!/META-INF/jboss-beans.xml
2008-10-13 22:04:48,172 INFO  [org.jboss.kernel.plugins.bootstrap.standalone.StandaloneBootstrap] Shutting down
2008-10-13 22:04:48,172 DEBUG [org.jboss.kernel.plugins.bootstrap.standalone.StandaloneBootstrap] Undeploying jar:file:/dati/project/wise-core/samples/helloWorldJDK6/build/client/HelloWorld.jar!/META-INF/jboss-beans.xml
2008-10-13 22:04:48,174 DEBUG [org.jboss.kernel.plugins.bootstrap.standalone.StandaloneBootstrap] Undeployed jar:file:/dati/project/wise-core/samples/helloWorldJDK6/build/client/HelloWorld.jar!/META-INF/jboss-beans.xml
2008-10-13 22:05:00,982 DEBUG [org.jboss.kernel.KernelFactory] Starting JBoss Kernel construction...
2008-10-13 22:05:01,106 DEBUG [org.jboss.kernel.KernelFactory] Completed JBoss Kernel construction.  Duration: 123 milliseconds
2008-10-13 22:05:01,488 DEBUG [org.jboss.kernel.plugins.deployment.xml.BeanSchemaBinding] Reading xsd took 368 milliseconds
2008-10-13 22:05:01,511 DEBUG [org.jboss.kernel.plugins.deployment.xml.BeanSchemaBinding] Creating schema binding took 391 milliseconds
2008-10-13 22:05:01,512 DEBUG [org.jboss.kernel.plugins.bootstrap.standalone.StandaloneBootstrap] Deploying jar:file:/dati/project/wise-core/samples/helloWorldJDK6/build/client/HelloWorld.jar!/META-INF/jboss-beans.xml
2008-10-13 22:05:01,538 DEBUG [org.jboss.kernel.plugins.deployment.xml.BeanXMLDeployer] Parsing jar:file:/dati/project/wise-core/samples/helloWorldJDK6/build/client/HelloWorld.jar!/META-INF/jboss-beans.xml took 26 milliseconds
2008-10-13 22:05:01,558 DEBUG [org.jboss.kernel.plugins.deployment.xml.BeanXMLDeployer] Deploying jar:file:/dati/project/wise-core/samples/helloWorldJDK6/build/client/HelloWorld.jar!/META-INF/jboss-beans.xml took 46 milliseconds
2008-10-13 22:05:01,558 DEBUG [org.jboss.kernel.plugins.bootstrap.standalone.StandaloneBootstrap] Deployed jar:file:/dati/project/wise-core/samples/helloWorldJDK6/build/client/HelloWorld.jar!/META-INF/jboss-beans.xml
2008-10-13 22:05:01,619 INFO  [org.jboss.kernel.plugins.bootstrap.standalone.StandaloneBootstrap] Shutting down
2008-10-13 22:05:01,619 DEBUG [org.jboss.kernel.plugins.bootstrap.standalone.StandaloneBootstrap] Undeploying jar:file:/dati/project/wise-core/samples/helloWorldJDK6/build/client/HelloWorld.jar!/META-INF/jboss-beans.xml
2008-10-13 22:05:01,621 DEBUG [org.jboss.kernel.plugins.bootstrap.standalone.StandaloneBootstrap] Undeployed jar:file:/dati/project/wise-core/samples/helloWorldJDK6/build/client/HelloWorld.jar!/META-INF/jboss-beans.xml
2008-10-13 22:05:15,780 DEBUG [org.jboss.kernel.KernelFactory] Starting JBoss Kernel construction...
2008-10-13 22:05:15,827 DEBUG [org.jboss.kernel.KernelFactory] Completed JBoss Kernel construction.  Duration: 46 milliseconds
2008-10-13 22:05:16,224 DEBUG [org.jboss.kernel.plugins.deployment.xml.BeanSchemaBinding] Reading xsd took 385 milliseconds
2008-10-13 22:05:16,243 DEBUG [org.jboss.kernel.plugins.deployment.xml.BeanSchemaBinding] Creating schema binding took 404 milliseconds
2008-10-13 22:05:16,244 DEBUG [org.jboss.kernel.plugins.bootstrap.standalone.StandaloneBootstrap] Deploying jar:file:/dati/project/wise-core/samples/helloWorldJDK6/build/client/HelloWorld.jar!/META-INF/jboss-beans.xml
2008-10-13 22:05:16,274 DEBUG [org.jboss.kernel.plugins.deployment.xml.BeanXMLDeployer] Parsing jar:file:/dati/project/wise-core/samples/helloWorldJDK6/build/client/HelloWorld.jar!/META-INF/jboss-beans.xml took 29 milliseconds
2008-10-13 22:05:16,294 DEBUG [org.jboss.kernel.plugins.deployment.xml.BeanXMLDeployer] Deploying jar:file:/dati/project/wise-core/samples/helloWorldJDK6/build/client/HelloWorld.jar!/META-INF/jboss-beans.xml took 49 milliseconds
2008-10-13 22:05:16,295 DEBUG [org.jboss.kernel.plugins.bootstrap.standalone.StandaloneBootstrap] Deployed jar:file:/dati/project/wise-core/samples/helloWorldJDK6/build/client/HelloWorld.jar!/META-INF/jboss-beans.xml
2008-10-13 22:05:16,358 DEBUG [org.jboss.wise.core.client.impl.reflection.builder.ReflectionBasedWSDynamicClientBuilder] Get usable WSDL :/home/oracle/temp/Wise0.xml
2008-10-13 22:05:17,837 DEBUG [org.jboss.wise.core.client.factories.WSDynamicClientFactory] Create WSDynamicClient successfully
2008-10-13 22:05:17,953 INFO  [org.jboss.kernel.plugins.bootstrap.standalone.StandaloneBootstrap] Shutting down
2008-10-13 22:05:17,953 DEBUG [org.jboss.kernel.plugins.bootstrap.standalone.StandaloneBootstrap] Undeploying jar:file:/dati/project/wise-core/samples/helloWorldJDK6/build/client/HelloWorld.jar!/META-INF/jboss-beans.xml
2008-10-13 22:05:17,955 DEBUG [org.jboss.kernel.plugins.bootstrap.standalone.StandaloneBootstrap] Undeployed jar:file:/dati/project/wise-core/samples/helloWorldJDK6/build/client/HelloWorld.jar!/META-INF/jboss-beans.xml
2008-10-13 22:05:42,867 DEBUG [org.jboss.kernel.KernelFactory] Starting JBoss Kernel construction...
2008-10-13 22:05:42,915 DEBUG [org.jboss.kernel.KernelFactory] Completed JBoss Kernel construction.  Duration: 46 milliseconds
2008-10-13 22:05:43,292 DEBUG [org.jboss.kernel.plugins.deployment.xml.BeanSchemaBinding] Reading xsd took 366 milliseconds
2008-10-13 22:05:43,309 DEBUG [org.jboss.kernel.plugins.deployment.xml.BeanSchemaBinding] Creating schema binding took 383 milliseconds
2008-10-13 22:05:43,310 DEBUG [org.jboss.kernel.plugins.bootstrap.standalone.StandaloneBootstrap] Deploying jar:file:/dati/project/wise-core/samples/helloWorldJDK6/build/client/HelloWorld.jar!/META-INF/jboss-beans.xml
2008-10-13 22:05:43,332 DEBUG [org.jboss.kernel.plugins.deployment.xml.BeanXMLDeployer] Parsing jar:file:/dati/project/wise-core/samples/helloWorldJDK6/build/client/HelloWorld.jar!/META-INF/jboss-beans.xml took 21 milliseconds
2008-10-13 22:05:43,350 DEBUG [org.jboss.kernel.plugins.deployment.xml.BeanXMLDeployer] Deploying jar:file:/dati/project/wise-core/samples/helloWorldJDK6/build/client/HelloWorld.jar!/META-INF/jboss-beans.xml took 39 milliseconds
2008-10-13 22:05:43,351 DEBUG [org.jboss.kernel.plugins.bootstrap.standalone.StandaloneBootstrap] Deployed jar:file:/dati/project/wise-core/samples/helloWorldJDK6/build/client/HelloWorld.jar!/META-INF/jboss-beans.xml
2008-10-13 22:05:43,420 DEBUG [org.jboss.wise.core.client.impl.reflection.builder.ReflectionBasedWSDynamicClientBuilder] Get usable WSDL :/home/oracle/temp/Wise0.xml
2008-10-13 22:05:44,832 DEBUG [org.jboss.wise.core.client.factories.WSDynamicClientFactory] Create WSDynamicClient successfully
2008-10-13 22:05:44,937 INFO  [org.jboss.kernel.plugins.bootstrap.standalone.StandaloneBootstrap] Shutting down
2008-10-13 22:05:44,938 DEBUG [org.jboss.kernel.plugins.bootstrap.standalone.StandaloneBootstrap] Undeploying jar:file:/dati/project/wise-core/samples/helloWorldJDK6/build/client/HelloWorld.jar!/META-INF/jboss-beans.xml
2008-10-13 22:05:44,940 DEBUG [org.jboss.kernel.plugins.bootstrap.standalone.StandaloneBootstrap] Undeployed jar:file:/dati/project/wise-core/samples/helloWorldJDK6/build/client/HelloWorld.jar!/META-INF/jboss-beans.xml
2008-10-13 22:06:59,615 DEBUG [org.jboss.kernel.KernelFactory] Starting JBoss Kernel construction...
2008-10-13 22:06:59,662 DEBUG [org.jboss.kernel.KernelFactory] Completed JBoss Kernel construction.  Duration: 46 milliseconds
2008-10-13 22:07:00,047 DEBUG [org.jboss.kernel.plugins.deployment.xml.BeanSchemaBinding] Reading xsd took 373 milliseconds
2008-10-13 22:07:00,064 DEBUG [org.jboss.kernel.plugins.deployment.xml.BeanSchemaBinding] Creating schema binding took 390 milliseconds
2008-10-13 22:07:00,065 DEBUG [org.jboss.kernel.plugins.bootstrap.standalone.StandaloneBootstrap] Deploying jar:file:/dati/project/wise-core/samples/helloWorldJDK6/build/client/HelloWorld.jar!/META-INF/jboss-beans.xml
2008-10-13 22:07:00,087 DEBUG [org.jboss.kernel.plugins.deployment.xml.BeanXMLDeployer] Parsing jar:file:/dati/project/wise-core/samples/helloWorldJDK6/build/client/HelloWorld.jar!/META-INF/jboss-beans.xml took 22 milliseconds
2008-10-13 22:07:00,105 DEBUG [org.jboss.kernel.plugins.deployment.xml.BeanXMLDeployer] Deploying jar:file:/dati/project/wise-core/samples/helloWorldJDK6/build/client/HelloWorld.jar!/META-INF/jboss-beans.xml took 40 milliseconds
2008-10-13 22:07:00,105 DEBUG [org.jboss.kernel.plugins.bootstrap.standalone.StandaloneBootstrap] Deployed jar:file:/dati/project/wise-core/samples/helloWorldJDK6/build/client/HelloWorld.jar!/META-INF/jboss-beans.xml
2008-10-13 22:07:00,156 DEBUG [org.jboss.wise.core.client.impl.reflection.builder.ReflectionBasedWSDynamicClientBuilder] Get usable WSDL :/home/oracle/temp/Wise0.xml
2008-10-13 22:07:01,573 DEBUG [org.jboss.wise.core.client.factories.WSDynamicClientFactory] Create WSDynamicClient successfully
2008-10-13 22:07:01,687 INFO  [org.jboss.kernel.plugins.bootstrap.standalone.StandaloneBootstrap] Shutting down
2008-10-13 22:07:01,687 DEBUG [org.jboss.kernel.plugins.bootstrap.standalone.StandaloneBootstrap] Undeploying jar:file:/dati/project/wise-core/samples/helloWorldJDK6/build/client/HelloWorld.jar!/META-INF/jboss-beans.xml
2008-10-13 22:07:01,689 DEBUG [org.jboss.kernel.plugins.bootstrap.standalone.StandaloneBootstrap] Undeployed jar:file:/dati/project/wise-core/samples/helloWorldJDK6/build/client/HelloWorld.jar!/META-INF/jboss-beans.xml
2008-10-13 22:14:36,430 DEBUG [org.jboss.kernel.KernelFactory] Starting JBoss Kernel construction...
2008-10-13 22:14:36,486 DEBUG [org.jboss.kernel.KernelFactory] Completed JBoss Kernel construction.  Duration: 56 milliseconds
2008-10-13 22:14:36,910 DEBUG [org.jboss.kernel.plugins.deployment.xml.BeanSchemaBinding] Reading xsd took 411 milliseconds
2008-10-13 22:14:36,927 DEBUG [org.jboss.kernel.plugins.deployment.xml.BeanSchemaBinding] Creating schema binding took 428 milliseconds
2008-10-13 22:14:36,928 DEBUG [org.jboss.kernel.plugins.bootstrap.standalone.StandaloneBootstrap] Deploying jar:file:/dati/project/wise-core/samples/helloWorldJDK6/build/client/HelloWorld.jar!/META-INF/jboss-beans.xml
2008-10-13 22:14:36,950 DEBUG [org.jboss.kernel.plugins.deployment.xml.BeanXMLDeployer] Parsing jar:file:/dati/project/wise-core/samples/helloWorldJDK6/build/client/HelloWorld.jar!/META-INF/jboss-beans.xml took 22 milliseconds
2008-10-13 22:14:36,968 DEBUG [org.jboss.kernel.plugins.deployment.xml.BeanXMLDeployer] Deploying jar:file:/dati/project/wise-core/samples/helloWorldJDK6/build/client/HelloWorld.jar!/META-INF/jboss-beans.xml took 40 milliseconds
2008-10-13 22:14:36,968 DEBUG [org.jboss.kernel.plugins.bootstrap.standalone.StandaloneBootstrap] Deployed jar:file:/dati/project/wise-core/samples/helloWorldJDK6/build/client/HelloWorld.jar!/META-INF/jboss-beans.xml
2008-10-13 22:14:37,014 DEBUG [org.jboss.wise.core.client.impl.reflection.builder.ReflectionBasedWSDynamicClientBuilder] Get usable WSDL :/home/oracle/temp/Wise0.xml
2008-10-13 22:14:38,484 DEBUG [org.jboss.wise.core.client.factories.WSDynamicClientFactory] Create WSDynamicClient successfully
2008-10-13 22:14:38,644 INFO  [org.jboss.kernel.plugins.bootstrap.standalone.StandaloneBootstrap] Shutting down
2008-10-13 22:14:38,645 DEBUG [org.jboss.kernel.plugins.bootstrap.standalone.StandaloneBootstrap] Undeploying jar:file:/dati/project/wise-core/samples/helloWorldJDK6/build/client/HelloWorld.jar!/META-INF/jboss-beans.xml
2008-10-13 22:14:38,647 DEBUG [org.jboss.kernel.plugins.bootstrap.standalone.StandaloneBootstrap] Undeployed jar:file:/dati/project/wise-core/samples/helloWorldJDK6/build/client/HelloWorld.jar!/META-INF/jboss-beans.xml
2008-10-13 22:15:22,591 DEBUG [org.jboss.kernel.KernelFactory] Starting JBoss Kernel construction...
2008-10-13 22:15:22,639 DEBUG [org.jboss.kernel.KernelFactory] Completed JBoss Kernel construction.  Duration: 47 milliseconds
2008-10-13 22:15:23,024 DEBUG [org.jboss.kernel.plugins.deployment.xml.BeanSchemaBinding] Reading xsd took 374 milliseconds
2008-10-13 22:15:23,041 DEBUG [org.jboss.kernel.plugins.deployment.xml.BeanSchemaBinding] Creating schema binding took 391 milliseconds
2008-10-13 22:15:23,042 DEBUG [org.jboss.kernel.plugins.bootstrap.standalone.StandaloneBootstrap] Deploying jar:file:/dati/project/wise-core/samples/helloWorldJDK6/build/client/HelloWorld.jar!/META-INF/jboss-beans.xml
2008-10-13 22:15:23,064 DEBUG [org.jboss.kernel.plugins.deployment.xml.BeanXMLDeployer] Parsing jar:file:/dati/project/wise-core/samples/helloWorldJDK6/build/client/HelloWorld.jar!/META-INF/jboss-beans.xml took 22 milliseconds
2008-10-13 22:15:23,083 DEBUG [org.jboss.kernel.plugins.deployment.xml.BeanXMLDeployer] Deploying jar:file:/dati/project/wise-core/samples/helloWorldJDK6/build/client/HelloWorld.jar!/META-INF/jboss-beans.xml took 41 milliseconds
2008-10-13 22:15:23,084 DEBUG [org.jboss.kernel.plugins.bootstrap.standalone.StandaloneBootstrap] Deployed jar:file:/dati/project/wise-core/samples/helloWorldJDK6/build/client/HelloWorld.jar!/META-INF/jboss-beans.xml
2008-10-13 22:15:23,136 DEBUG [org.jboss.wise.core.client.impl.reflection.builder.ReflectionBasedWSDynamicClientBuilder] Get usable WSDL :/home/oracle/temp/Wise0.xml
2008-10-13 22:15:24,695 DEBUG [org.jboss.wise.core.client.factories.WSDynamicClientFactory] Create WSDynamicClient successfully
2008-10-13 22:15:24,841 INFO  [org.jboss.kernel.plugins.bootstrap.standalone.StandaloneBootstrap] Shutting down
2008-10-13 22:15:24,841 DEBUG [org.jboss.kernel.plugins.bootstrap.standalone.StandaloneBootstrap] Undeploying jar:file:/dati/project/wise-core/samples/helloWorldJDK6/build/client/HelloWorld.jar!/META-INF/jboss-beans.xml
2008-10-13 22:15:24,844 DEBUG [org.jboss.kernel.plugins.bootstrap.standalone.StandaloneBootstrap] Undeployed jar:file:/dati/project/wise-core/samples/helloWorldJDK6/build/client/HelloWorld.jar!/META-INF/jboss-beans.xml
2008-10-13 22:19:54,272 DEBUG [org.jboss.kernel.KernelFactory] Starting JBoss Kernel construction...
2008-10-13 22:19:54,320 DEBUG [org.jboss.kernel.KernelFactory] Completed JBoss Kernel construction.  Duration: 47 milliseconds
2008-10-13 22:19:54,712 DEBUG [org.jboss.kernel.plugins.deployment.xml.BeanSchemaBinding] Reading xsd took 381 milliseconds
2008-10-13 22:19:54,729 DEBUG [org.jboss.kernel.plugins.deployment.xml.BeanSchemaBinding] Creating schema binding took 398 milliseconds
2008-10-13 22:19:54,730 DEBUG [org.jboss.kernel.plugins.bootstrap.standalone.StandaloneBootstrap] Deploying jar:file:/dati/project/wise-core/samples/helloWorldJDK6/build/client/HelloWorldJDK6.jar!/META-INF/jboss-beans.xml
2008-10-13 22:19:54,752 DEBUG [org.jboss.kernel.plugins.deployment.xml.BeanXMLDeployer] Parsing jar:file:/dati/project/wise-core/samples/helloWorldJDK6/build/client/HelloWorldJDK6.jar!/META-INF/jboss-beans.xml took 22 milliseconds
2008-10-13 22:19:54,770 DEBUG [org.jboss.kernel.plugins.deployment.xml.BeanXMLDeployer] Deploying jar:file:/dati/project/wise-core/samples/helloWorldJDK6/build/client/HelloWorldJDK6.jar!/META-INF/jboss-beans.xml took 40 milliseconds
2008-10-13 22:19:54,770 DEBUG [org.jboss.kernel.plugins.bootstrap.standalone.StandaloneBootstrap] Deployed jar:file:/dati/project/wise-core/samples/helloWorldJDK6/build/client/HelloWorldJDK6.jar!/META-INF/jboss-beans.xml
2008-10-13 22:19:54,816 INFO  [org.jboss.kernel.plugins.bootstrap.standalone.StandaloneBootstrap] Shutting down
2008-10-13 22:19:54,817 DEBUG [org.jboss.kernel.plugins.bootstrap.standalone.StandaloneBootstrap] Undeploying jar:file:/dati/project/wise-core/samples/helloWorldJDK6/build/client/HelloWorldJDK6.jar!/META-INF/jboss-beans.xml
2008-10-13 22:19:54,819 DEBUG [org.jboss.kernel.plugins.bootstrap.standalone.StandaloneBootstrap] Undeployed jar:file:/dati/project/wise-core/samples/helloWorldJDK6/build/client/HelloWorldJDK6.jar!/META-INF/jboss-beans.xml
2008-10-13 22:20:50,578 DEBUG [org.jboss.kernel.KernelFactory] Starting JBoss Kernel construction...
2008-10-13 22:20:50,636 DEBUG [org.jboss.kernel.KernelFactory] Completed JBoss Kernel construction.  Duration: 57 milliseconds
2008-10-13 22:20:51,029 DEBUG [org.jboss.kernel.plugins.deployment.xml.BeanSchemaBinding] Reading xsd took 380 milliseconds
2008-10-13 22:20:51,047 DEBUG [org.jboss.kernel.plugins.deployment.xml.BeanSchemaBinding] Creating schema binding took 398 milliseconds
2008-10-13 22:20:51,048 DEBUG [org.jboss.kernel.plugins.bootstrap.standalone.StandaloneBootstrap] Deploying jar:file:/dati/project/wise-core/samples/helloWorldJDK6/build/client/HelloWorldJDK6.jar!/META-INF/jboss-beans.xml
2008-10-13 22:20:51,070 DEBUG [org.jboss.kernel.plugins.deployment.xml.BeanXMLDeployer] Parsing jar:file:/dati/project/wise-core/samples/helloWorldJDK6/build/client/HelloWorldJDK6.jar!/META-INF/jboss-beans.xml took 21 milliseconds
2008-10-13 22:20:51,088 DEBUG [org.jboss.kernel.plugins.deployment.xml.BeanXMLDeployer] Deploying jar:file:/dati/project/wise-core/samples/helloWorldJDK6/build/client/HelloWorldJDK6.jar!/META-INF/jboss-beans.xml took 39 milliseconds
2008-10-13 22:20:51,088 DEBUG [org.jboss.kernel.plugins.bootstrap.standalone.StandaloneBootstrap] Deployed jar:file:/dati/project/wise-core/samples/helloWorldJDK6/build/client/HelloWorldJDK6.jar!/META-INF/jboss-beans.xml
2008-10-13 22:20:51,142 INFO  [org.jboss.kernel.plugins.bootstrap.standalone.StandaloneBootstrap] Shutting down
2008-10-13 22:20:51,142 DEBUG [org.jboss.kernel.plugins.bootstrap.standalone.StandaloneBootstrap] Undeploying jar:file:/dati/project/wise-core/samples/helloWorldJDK6/build/client/HelloWorldJDK6.jar!/META-INF/jboss-beans.xml
2008-10-13 22:20:51,144 DEBUG [org.jboss.kernel.plugins.bootstrap.standalone.StandaloneBootstrap] Undeployed jar:file:/dati/project/wise-core/samples/helloWorldJDK6/build/client/HelloWorldJDK6.jar!/META-INF/jboss-beans.xml
2008-10-13 22:23:38,469 DEBUG [org.jboss.kernel.KernelFactory] Starting JBoss Kernel construction...
2008-10-13 22:23:38,516 DEBUG [org.jboss.kernel.KernelFactory] Completed JBoss Kernel construction.  Duration: 46 milliseconds
2008-10-13 22:23:38,897 DEBUG [org.jboss.kernel.plugins.deployment.xml.BeanSchemaBinding] Reading xsd took 369 milliseconds
2008-10-13 22:23:38,919 DEBUG [org.jboss.kernel.plugins.deployment.xml.BeanSchemaBinding] Creating schema binding took 391 milliseconds
2008-10-13 22:23:38,920 DEBUG [org.jboss.kernel.plugins.bootstrap.standalone.StandaloneBootstrap] Deploying jar:file:/dati/project/wise-core/samples/helloWorldJDK6/build/client/HelloWorldJDK6.jar!/META-INF/jboss-beans.xml
2008-10-13 22:23:38,946 DEBUG [org.jboss.kernel.plugins.deployment.xml.BeanXMLDeployer] Parsing jar:file:/dati/project/wise-core/samples/helloWorldJDK6/build/client/HelloWorldJDK6.jar!/META-INF/jboss-beans.xml took 26 milliseconds
2008-10-13 22:23:38,966 DEBUG [org.jboss.kernel.plugins.deployment.xml.BeanXMLDeployer] Deploying jar:file:/dati/project/wise-core/samples/helloWorldJDK6/build/client/HelloWorldJDK6.jar!/META-INF/jboss-beans.xml took 46 milliseconds
2008-10-13 22:23:38,967 DEBUG [org.jboss.kernel.plugins.bootstrap.standalone.StandaloneBootstrap] Deployed jar:file:/dati/project/wise-core/samples/helloWorldJDK6/build/client/HelloWorldJDK6.jar!/META-INF/jboss-beans.xml
2008-10-13 22:23:39,020 DEBUG [org.jboss.wise.core.client.impl.reflection.builder.ReflectionBasedWSDynamicClientBuilder] Get usable WSDL :/home/oracle/temp/Wise0.xml
2008-10-13 22:23:40,551 DEBUG [org.jboss.wise.core.client.factories.WSDynamicClientFactory] Create WSDynamicClient successfully
2008-10-13 22:23:40,736 INFO  [org.jboss.kernel.plugins.bootstrap.standalone.StandaloneBootstrap] Shutting down
2008-10-13 22:23:40,736 DEBUG [org.jboss.kernel.plugins.bootstrap.standalone.StandaloneBootstrap] Undeploying jar:file:/dati/project/wise-core/samples/helloWorldJDK6/build/client/HelloWorldJDK6.jar!/META-INF/jboss-beans.xml
2008-10-13 22:23:40,738 DEBUG [org.jboss.kernel.plugins.bootstrap.standalone.StandaloneBootstrap] Undeployed jar:file:/dati/project/wise-core/samples/helloWorldJDK6/build/client/HelloWorldJDK6.jar!/META-INF/jboss-beans.xml
2008-10-13 22:27:02,110 DEBUG [org.jboss.kernel.KernelFactory] Starting JBoss Kernel construction...
2008-10-13 22:27:02,162 DEBUG [org.jboss.kernel.KernelFactory] Completed JBoss Kernel construction.  Duration: 50 milliseconds
2008-10-13 22:27:02,570 DEBUG [org.jboss.kernel.plugins.deployment.xml.BeanSchemaBinding] Reading xsd took 396 milliseconds
2008-10-13 22:27:02,590 DEBUG [org.jboss.kernel.plugins.deployment.xml.BeanSchemaBinding] Creating schema binding took 416 milliseconds
2008-10-13 22:27:02,591 DEBUG [org.jboss.kernel.plugins.bootstrap.standalone.StandaloneBootstrap] Deploying jar:file:/dati/project/wise-core/samples/helloWorldJDK6/build/client/HelloWorldJDK6.jar!/META-INF/jboss-beans.xml
2008-10-13 22:27:02,613 DEBUG [org.jboss.kernel.plugins.deployment.xml.BeanXMLDeployer] Parsing jar:file:/dati/project/wise-core/samples/helloWorldJDK6/build/client/HelloWorldJDK6.jar!/META-INF/jboss-beans.xml took 22 milliseconds
2008-10-13 22:27:02,632 DEBUG [org.jboss.kernel.plugins.deployment.xml.BeanXMLDeployer] Deploying jar:file:/dati/project/wise-core/samples/helloWorldJDK6/build/client/HelloWorldJDK6.jar!/META-INF/jboss-beans.xml took 41 milliseconds
2008-10-13 22:27:02,632 DEBUG [org.jboss.kernel.plugins.bootstrap.standalone.StandaloneBootstrap] Deployed jar:file:/dati/project/wise-core/samples/helloWorldJDK6/build/client/HelloWorldJDK6.jar!/META-INF/jboss-beans.xml
2008-10-13 22:27:02,690 DEBUG [org.jboss.wise.core.client.impl.reflection.builder.ReflectionBasedWSDynamicClientBuilder] Get usable WSDL :/home/oracle/temp/Wise0.xml
2008-10-13 22:27:04,172 DEBUG [org.jboss.wise.core.client.factories.WSDynamicClientFactory] Create WSDynamicClient successfully
2008-10-13 22:27:04,385 INFO  [org.jboss.kernel.plugins.bootstrap.standalone.StandaloneBootstrap] Shutting down
2008-10-13 22:27:04,385 DEBUG [org.jboss.kernel.plugins.bootstrap.standalone.StandaloneBootstrap] Undeploying jar:file:/dati/project/wise-core/samples/helloWorldJDK6/build/client/HelloWorldJDK6.jar!/META-INF/jboss-beans.xml
2008-10-13 22:27:04,388 DEBUG [org.jboss.kernel.plugins.bootstrap.standalone.StandaloneBootstrap] Undeployed jar:file:/dati/project/wise-core/samples/helloWorldJDK6/build/client/HelloWorldJDK6.jar!/META-INF/jboss-beans.xml
2008-10-13 22:27:15,556 DEBUG [org.jboss.kernel.KernelFactory] Starting JBoss Kernel construction...
2008-10-13 22:27:15,605 DEBUG [org.jboss.kernel.KernelFactory] Completed JBoss Kernel construction.  Duration: 48 milliseconds
2008-10-13 22:27:15,993 DEBUG [org.jboss.kernel.plugins.deployment.xml.BeanSchemaBinding] Reading xsd took 377 milliseconds
2008-10-13 22:27:16,010 DEBUG [org.jboss.kernel.plugins.deployment.xml.BeanSchemaBinding] Creating schema binding took 394 milliseconds
2008-10-13 22:27:16,011 DEBUG [org.jboss.kernel.plugins.bootstrap.standalone.StandaloneBootstrap] Deploying jar:file:/dati/project/wise-core/samples/helloWorldJDK6/build/client/HelloWorldJDK6.jar!/META-INF/jboss-beans.xml
2008-10-13 22:27:16,033 DEBUG [org.jboss.kernel.plugins.deployment.xml.BeanXMLDeployer] Parsing jar:file:/dati/project/wise-core/samples/helloWorldJDK6/build/client/HelloWorldJDK6.jar!/META-INF/jboss-beans.xml took 21 milliseconds
2008-10-13 22:27:16,050 DEBUG [org.jboss.kernel.plugins.deployment.xml.BeanXMLDeployer] Deploying jar:file:/dati/project/wise-core/samples/helloWorldJDK6/build/client/HelloWorldJDK6.jar!/META-INF/jboss-beans.xml took 39 milliseconds
2008-10-13 22:27:16,051 DEBUG [org.jboss.kernel.plugins.bootstrap.standalone.StandaloneBootstrap] Deployed jar:file:/dati/project/wise-core/samples/helloWorldJDK6/build/client/HelloWorldJDK6.jar!/META-INF/jboss-beans.xml
2008-10-13 22:27:16,098 DEBUG [org.jboss.wise.core.client.impl.reflection.builder.ReflectionBasedWSDynamicClientBuilder] Get usable WSDL :/home/oracle/temp/Wise0.xml
2008-10-13 22:27:17,569 DEBUG [org.jboss.wise.core.client.factories.WSDynamicClientFactory] Create WSDynamicClient successfully
2008-10-13 22:27:17,800 INFO  [org.jboss.kernel.plugins.bootstrap.standalone.StandaloneBootstrap] Shutting down
2008-10-13 22:27:17,800 DEBUG [org.jboss.kernel.plugins.bootstrap.standalone.StandaloneBootstrap] Undeploying jar:file:/dati/project/wise-core/samples/helloWorldJDK6/build/client/HelloWorldJDK6.jar!/META-INF/jboss-beans.xml
2008-10-13 22:27:17,802 DEBUG [org.jboss.kernel.plugins.bootstrap.standalone.StandaloneBootstrap] Undeployed jar:file:/dati/project/wise-core/samples/helloWorldJDK6/build/client/HelloWorldJDK6.jar!/META-INF/jboss-beans.xml
2008-10-13 22:27:54,123 DEBUG [org.jboss.kernel.KernelFactory] Starting JBoss Kernel construction...
2008-10-13 22:27:54,179 DEBUG [org.jboss.kernel.KernelFactory] Completed JBoss Kernel construction.  Duration: 55 milliseconds
2008-10-13 22:27:54,551 DEBUG [org.jboss.kernel.plugins.deployment.xml.BeanSchemaBinding] Reading xsd took 359 milliseconds
2008-10-13 22:27:54,569 DEBUG [org.jboss.kernel.plugins.deployment.xml.BeanSchemaBinding] Creating schema binding took 377 milliseconds
2008-10-13 22:27:54,570 DEBUG [org.jboss.kernel.plugins.bootstrap.standalone.StandaloneBootstrap] Deploying jar:file:/dati/project/wise-core/samples/helloWorldJDK6/build/client/HelloWorldJDK6.jar!/META-INF/jboss-beans.xml
2008-10-13 22:27:54,592 DEBUG [org.jboss.kernel.plugins.deployment.xml.BeanXMLDeployer] Parsing jar:file:/dati/project/wise-core/samples/helloWorldJDK6/build/client/HelloWorldJDK6.jar!/META-INF/jboss-beans.xml took 22 milliseconds
2008-10-13 22:27:54,609 DEBUG [org.jboss.kernel.plugins.deployment.xml.BeanXMLDeployer] Deploying jar:file:/dati/project/wise-core/samples/helloWorldJDK6/build/client/HelloWorldJDK6.jar!/META-INF/jboss-beans.xml took 39 milliseconds
2008-10-13 22:27:54,610 DEBUG [org.jboss.kernel.plugins.bootstrap.standalone.StandaloneBootstrap] Deployed jar:file:/dati/project/wise-core/samples/helloWorldJDK6/build/client/HelloWorldJDK6.jar!/META-INF/jboss-beans.xml
2008-10-13 22:27:54,664 DEBUG [org.jboss.wise.core.client.impl.reflection.builder.ReflectionBasedWSDynamicClientBuilder] Get usable WSDL :/home/oracle/temp/Wise0.xml
2008-10-13 22:27:56,072 DEBUG [org.jboss.wise.core.client.factories.WSDynamicClientFactory] Create WSDynamicClient successfully
2008-10-13 22:27:56,425 INFO  [org.jboss.kernel.plugins.bootstrap.standalone.StandaloneBootstrap] Shutting down
2008-10-13 22:27:56,425 DEBUG [org.jboss.kernel.plugins.bootstrap.standalone.StandaloneBootstrap] Undeploying jar:file:/dati/project/wise-core/samples/helloWorldJDK6/build/client/HelloWorldJDK6.jar!/META-INF/jboss-beans.xml
2008-10-13 22:27:56,427 DEBUG [org.jboss.kernel.plugins.bootstrap.standalone.StandaloneBootstrap] Undeployed jar:file:/dati/project/wise-core/samples/helloWorldJDK6/build/client/HelloWorldJDK6.jar!/META-INF/jboss-beans.xml
